 0.00000    0.00000    0.00000
 0.00000    0.03333    0.00000
 0.00000    0.06667    0.00000
 0.00000    0.10000    0.00000
 0.00000    0.13333    0.00000
 0.00000    0.16667    0.00000
 0.00000    0.20000    0.00000
 0.00000    0.23333    0.00000
 0.00000    0.26667    0.00000
 0.00000    0.30000    0.00000
 0.00000    0.33333    0.00000
 0.00000    0.36667    0.00000
 0.00000    0.40000    0.00000
 0.00000    0.43333    0.00000
 0.00000    0.46667    0.00000
 0.00000    0.50000    0.00000
 0.00000    0.53333    0.00000
 0.00000    0.56667    0.00000
 0.00000    0.60000    0.00000
 0.00000    0.63333    0.00000
 0.00000    0.66667    0.00000
 0.00000    0.70000    0.00000
 0.00000    0.73333    0.00000
 0.00000    0.76667    0.00000
 0.00000    0.80000    0.00000
 0.00000    0.83333    0.00000
 0.00000    0.86667    0.00000
 0.00000    0.90000    0.00000
 0.00000    0.93333    0.00000
 0.00000    0.96667    0.00000
 0.00000    1.00000    0.00000
 0.03333    0.00000    0.00000
 0.03333    0.03333    0.06990
 0.03333    0.06667    0.13162
 0.03333    0.10000    0.18242
 0.03333    0.13333    0.22016
 0.03333    0.16667    0.24351
 0.03333    0.20000    0.25222
 0.03333    0.23333    0.24733
 0.03333    0.26667    0.23105
 0.03333    0.30000    0.20651
 0.03333    0.33333    0.17716
 0.03333    0.36667    0.14632
 0.03333    0.40000    0.11668
 0.03333    0.43333    0.09010
 0.03333    0.46667    0.06760
 0.03333    0.50000    0.04942
 0.03333    0.53333    0.03531
 0.03333    0.56667    0.02473
 0.03333    0.60000    0.01701
 0.03333    0.63333    0.01152
 0.03333    0.66667    0.00768
 0.03333    0.70000    0.00505
 0.03333    0.73333    0.00327
 0.03333    0.76667    0.00208
 0.03333    0.80000    0.00130
 0.03333    0.83333    0.00079
 0.03333    0.86667    0.00047
 0.03333    0.90000    0.00026
 0.03333    0.93333    0.00013
 0.03333    0.96667    0.00005
 0.03333    1.00000    0.00000
 0.06667    0.00000    0.00000
 0.06667    0.03333    0.09114
 0.06667    0.06667    0.17161
 0.06667    0.10000    0.23802
 0.06667    0.13333    0.28762
 0.06667    0.16667    0.31859
 0.06667    0.20000    0.33050
 0.06667    0.23333    0.32458
 0.06667    0.26667    0.30366
 0.06667    0.30000    0.27175
 0.06667    0.33333    0.23340
 0.06667    0.36667    0.19297
 0.06667    0.40000    0.15404
 0.06667    0.43333    0.11908
 0.06667    0.46667    0.08943
 0.06667    0.50000    0.06546
 0.06667    0.53333    0.04683
 0.06667    0.56667    0.03285
 0.06667    0.60000    0.02264
 0.06667    0.63333    0.01535
 0.06667    0.66667    0.01026
 0.06667    0.70000    0.00675
 0.06667    0.73333    0.00438
 0.06667    0.76667    0.00279
 0.06667    0.80000    0.00175
 0.06667    0.83333    0.00107
 0.06667    0.86667    0.00063
 0.06667    0.90000    0.00035
 0.06667    0.93333    0.00018
 0.06667    0.96667    0.00007
 0.06667    1.00000    0.00000
 0.10000    0.00000    0.00000
 0.10000    0.03333    0.09773
 0.10000    0.06667    0.18366
 0.10000    0.10000    0.25461
 0.10000    0.13333    0.30775
 0.10000    0.16667    0.34111
 0.10000    0.20000    0.35413
 0.10000    0.23333    0.34802
 0.10000    0.26667    0.32576
 0.10000    0.30000    0.29163
 0.10000    0.33333    0.25052
 0.10000    0.36667    0.20713
 0.10000    0.40000    0.16534
 0.10000    0.43333    0.12781
 0.10000    0.46667    0.09599
 0.10000    0.50000    0.07027
 0.10000    0.53333    0.05031
 0.10000    0.56667    0.03531
 0.10000    0.60000    0.02436
 0.10000    0.63333    0.01654
 0.10000    0.66667    0.01107
 0.10000    0.70000    0.00730
 0.10000    0.73333    0.00474
 0.10000    0.76667    0.00303
 0.10000    0.80000    0.00190
 0.10000    0.83333    0.00116
 0.10000    0.86667    0.00068
 0.10000    0.90000    0.00038
 0.10000    0.93333    0.00019
 0.10000    0.96667    0.00007
 0.10000    1.00000    0.00000
 0.13333    0.00000    0.00000
 0.13333    0.03333    0.09877
 0.13333    0.06667    0.18520
 0.13333    0.10000    0.25652
 0.13333    0.13333    0.31006
 0.13333    0.16667    0.34379
 0.13333    0.20000    0.35709
 0.13333    0.23333    0.35109
 0.13333    0.26667    0.32874
 0.13333    0.30000    0.29435
 0.13333    0.33333    0.25287
 0.13333    0.36667    0.20906
 0.13333    0.40000    0.16686
 0.13333    0.43333    0.12899
 0.13333    0.46667    0.09689
 0.13333    0.50000    0.07096
 0.13333    0.53333    0.05083
 0.13333    0.56667    0.03571
 0.13333    0.60000    0.02466
 0.13333    0.63333    0.01677
 0.13333    0.66667    0.01123
 0.13333    0.70000    0.00742
 0.13333    0.73333    0.00483
 0.13333    0.76667    0.00309
 0.13333    0.80000    0.00194
 0.13333    0.83333    0.00118
 0.13333    0.86667    0.00070
 0.13333    0.90000    0.00039
 0.13333    0.93333    0.00020
 0.13333    0.96667    0.00007
 0.13333    1.00000    0.00000
 0.16667    0.00000    0.00000
 0.16667    0.03333    0.09685
 0.16667    0.06667    0.18127
 0.16667    0.10000    0.25094
 0.16667    0.13333    0.30333
 0.16667    0.16667    0.33647
 0.16667    0.20000    0.34967
 0.16667    0.23333    0.34398
 0.16667    0.26667    0.32224
 0.16667    0.30000    0.28867
 0.16667    0.33333    0.24811
 0.16667    0.36667    0.20523
 0.16667    0.40000    0.16390
 0.16667    0.43333    0.12680
 0.16667    0.46667    0.09534
 0.16667    0.50000    0.06991
 0.16667    0.53333    0.05014
 0.16667    0.56667    0.03529
 0.16667    0.60000    0.02441
 0.16667    0.63333    0.01663
 0.16667    0.66667    0.01116
 0.16667    0.70000    0.00738
 0.16667    0.73333    0.00481
 0.16667    0.76667    0.00308
 0.16667    0.80000    0.00193
 0.16667    0.83333    0.00118
 0.16667    0.86667    0.00070
 0.16667    0.90000    0.00039
 0.16667    0.93333    0.00020
 0.16667    0.96667    0.00007
 0.16667    1.00000    0.00000
 0.20000    0.00000    0.00000
 0.20000    0.03333    0.09291
 0.20000    0.06667    0.17374
 0.20000    0.10000    0.24049
 0.20000    0.13333    0.29081
 0.20000    0.16667    0.32276
 0.20000    0.20000    0.33566
 0.20000    0.23333    0.33046
 0.20000    0.26667    0.30986
 0.20000    0.30000    0.27786
 0.20000    0.33333    0.23910
 0.20000    0.36667    0.19806
 0.20000    0.40000    0.15844
 0.20000    0.43333    0.12280
 0.20000    0.46667    0.09253
 0.20000    0.50000    0.06801
 0.20000    0.53333    0.04891
 0.20000    0.56667    0.03451
 0.20000    0.60000    0.02393
 0.20000    0.63333    0.01634
 0.20000    0.66667    0.01099
 0.20000    0.70000    0.00729
 0.20000    0.73333    0.00475
 0.20000    0.76667    0.00305
 0.20000    0.80000    0.00191
 0.20000    0.83333    0.00117
 0.20000    0.86667    0.00069
 0.20000    0.90000    0.00039
 0.20000    0.93333    0.00019
 0.20000    0.96667    0.00007
 0.20000    1.00000    0.00000
 0.23333    0.00000    0.00000
 0.23333    0.03333    0.08756
 0.23333    0.06667    0.16378
 0.23333    0.10000    0.22683
 0.23333    0.13333    0.27449
 0.23333    0.16667    0.30490
 0.23333    0.20000    0.31737
 0.23333    0.23333    0.31281
 0.23333    0.26667    0.29371
 0.23333    0.30000    0.26382
 0.23333    0.33333    0.22748
 0.23333    0.36667    0.18889
 0.23333    0.40000    0.15152
 0.23333    0.43333    0.11781
 0.23333    0.46667    0.08908
 0.23333    0.50000    0.06571
 0.23333    0.53333    0.04743
 0.23333    0.56667    0.03358
 0.23333    0.60000    0.02337
 0.23333    0.63333    0.01600
 0.23333    0.66667    0.01079
 0.23333    0.70000    0.00717
 0.23333    0.73333    0.00468
 0.23333    0.76667    0.00301
 0.23333    0.80000    0.00189
 0.23333    0.83333    0.00116
 0.23333    0.86667    0.00068
 0.23333    0.90000    0.00038
 0.23333    0.93333    0.00019
 0.23333    0.96667    0.00007
 0.23333    1.00000    0.00000
 0.26667    0.00000    0.00000
 0.26667    0.03333    0.08144
 0.26667    0.06667    0.15256
 0.26667    0.10000    0.21157
 0.26667    0.13333    0.25629
 0.26667    0.16667    0.28498
 0.26667    0.20000    0.29698
 0.26667    0.23333    0.29312
 0.26667    0.26667    0.27572
 0.26667    0.30000    0.24823
 0.26667    0.33333    0.21464
 0.26667    0.36667    0.17883
 0.26667    0.40000    0.14401
 0.26667    0.43333    0.11245
 0.26667    0.46667    0.08541
 0.26667    0.50000    0.06330
 0.26667    0.53333    0.04590
 0.26667    0.56667    0.03264
 0.26667    0.60000    0.02280
 0.26667    0.63333    0.01566
 0.26667    0.66667    0.01059
 0.26667    0.70000    0.00704
 0.26667    0.73333    0.00461
 0.26667    0.76667    0.00296
 0.26667    0.80000    0.00186
 0.26667    0.83333    0.00114
 0.26667    0.86667    0.00067
 0.26667    0.90000    0.00038
 0.26667    0.93333    0.00019
 0.26667    0.96667    0.00007
 0.26667    1.00000    0.00000
 0.30000    0.00000    0.00000
 0.30000    0.03333    0.07522
 0.30000    0.06667    0.14130
 0.30000    0.10000    0.19634
 0.30000    0.13333    0.23818
 0.30000    0.16667    0.26516
 0.30000    0.20000    0.27668
 0.30000    0.23333    0.27353
 0.30000    0.26667    0.25784
 0.30000    0.30000    0.23277
 0.30000    0.33333    0.20195
 0.30000    0.36667    0.16893
 0.30000    0.40000    0.13666
 0.30000    0.43333    0.10725
 0.30000    0.46667    0.08188
 0.30000    0.50000    0.06100
 0.30000    0.53333    0.04445
 0.30000    0.56667    0.03175
 0.30000    0.60000    0.02226
 0.30000    0.63333    0.01534
 0.30000    0.66667    0.01039
 0.30000    0.70000    0.00693
 0.30000    0.73333    0.00454
 0.30000    0.76667    0.00291
 0.30000    0.80000    0.00183
 0.30000    0.83333    0.00112
 0.30000    0.86667    0.00066
 0.30000    0.90000    0.00037
 0.30000    0.93333    0.00019
 0.30000    0.96667    0.00007
 0.30000    1.00000    0.00000
 0.33333    0.00000    0.00000
 0.33333    0.03333    0.06956
 0.33333    0.06667    0.13117
 0.33333    0.10000    0.18271
 0.33333    0.13333    0.22199
 0.33333    0.16667    0.24743
 0.33333    0.20000    0.25851
 0.33333    0.23333    0.25599
 0.33333    0.26667    0.24183
 0.33333    0.30000    0.21895
 0.33333    0.33333    0.19065
 0.33333    0.36667    0.16016
 0.33333    0.40000    0.13018
 0.33333    0.43333    0.10268
 0.33333    0.46667    0.07881
 0.33333    0.50000    0.05901
 0.33333    0.53333    0.04319
 0.33333    0.56667    0.03098
 0.33333    0.60000    0.02179
 0.33333    0.63333    0.01505
 0.33333    0.66667    0.01022
 0.33333    0.70000    0.00682
 0.33333    0.73333    0.00447
 0.33333    0.76667    0.00287
 0.33333    0.80000    0.00180
 0.33333    0.83333    0.00110
 0.33333    0.86667    0.00065
 0.33333    0.90000    0.00036
 0.33333    0.93333    0.00018
 0.33333    0.96667    0.00007
 0.33333    1.00000    0.00000
 0.36667    0.00000    0.00000
 0.36667    0.03333    0.06499
 0.36667    0.06667    0.12309
 0.36667    0.10000    0.17189
 0.36667    0.13333    0.20916
 0.36667    0.16667    0.23339
 0.36667    0.20000    0.24410
 0.36667    0.23333    0.24206
 0.36667    0.26667    0.22913
 0.36667    0.30000    0.20799
 0.36667    0.33333    0.18170
 0.36667    0.36667    0.15323
 0.36667    0.40000    0.12509
 0.36667    0.43333    0.09911
 0.36667    0.46667    0.07641
 0.36667    0.50000    0.05745
 0.36667    0.53333    0.04221
 0.36667    0.56667    0.03036
 0.36667    0.60000    0.02141
 0.36667    0.63333    0.01482
 0.36667    0.66667    0.01007
 0.36667    0.70000    0.00672
 0.36667    0.73333    0.00440
 0.36667    0.76667    0.00282
 0.36667    0.80000    0.00177
 0.36667    0.83333    0.00109
 0.36667    0.86667    0.00064
 0.36667    0.90000    0.00036
 0.36667    0.93333    0.00018
 0.36667    0.96667    0.00007
 0.36667    1.00000    0.00000
 0.40000    0.00000    0.00000
 0.40000    0.03333    0.06186
 0.40000    0.06667    0.11766
 0.40000    0.10000    0.16468
 0.40000    0.13333    0.20064
 0.40000    0.16667    0.22403
 0.40000    0.20000    0.23448
 0.40000    0.23333    0.23274
 0.40000    0.26667    0.22062
 0.40000    0.30000    0.20065
 0.40000    0.33333    0.17571
 0.40000    0.36667    0.14860
 0.40000    0.40000    0.12169
 0.40000    0.43333    0.09672
 0.40000    0.46667    0.07480
 0.40000    0.50000    0.05639
 0.40000    0.53333    0.04153
 0.40000    0.56667    0.02992
 0.40000    0.60000    0.02112
 0.40000    0.63333    0.01462
 0.40000    0.66667    0.00993
 0.40000    0.70000    0.00662
 0.40000    0.73333    0.00433
 0.40000    0.76667    0.00278
 0.40000    0.80000    0.00174
 0.40000    0.83333    0.00106
 0.40000    0.86667    0.00063
 0.40000    0.90000    0.00035
 0.40000    0.93333    0.00017
 0.40000    0.96667    0.00007
 0.40000    1.00000    0.00000
 0.43333    0.00000    0.00000
 0.43333    0.03333    0.06033
 0.43333    0.06667    0.11513
 0.43333    0.10000    0.16141
 0.43333    0.13333    0.19679
 0.43333    0.16667    0.21979
 0.43333    0.20000    0.23008
 0.43333    0.23333    0.22844
 0.43333    0.26667    0.21666
 0.43333    0.30000    0.19722
 0.43333    0.33333    0.17291
 0.43333    0.36667    0.14643
 0.43333    0.40000    0.12009
 0.43333    0.43333    0.09559
 0.43333    0.46667    0.07401
 0.43333    0.50000    0.05585
 0.43333    0.53333    0.04115
 0.43333    0.56667    0.02965
 0.43333    0.60000    0.02092
 0.43333    0.63333    0.01447
 0.43333    0.66667    0.00981
 0.43333    0.70000    0.00653
 0.43333    0.73333    0.00427
 0.43333    0.76667    0.00273
 0.43333    0.80000    0.00171
 0.43333    0.83333    0.00104
 0.43333    0.86667    0.00061
 0.43333    0.90000    0.00034
 0.43333    0.93333    0.00017
 0.43333    0.96667    0.00006
 0.43333    1.00000    0.00000
 0.46667    0.00000    0.00000
 0.46667    0.03333    0.06038
 0.46667    0.06667    0.11546
 0.46667    0.10000    0.16199
 0.46667    0.13333    0.19751
 0.46667    0.16667    0.22054
 0.46667    0.20000    0.23076
 0.46667    0.23333    0.22902
 0.46667    0.26667    0.21712
 0.46667    0.30000    0.19758
 0.46667    0.33333    0.17318
 0.46667    0.36667    0.14661
 0.46667    0.40000    0.12019
 0.46667    0.43333    0.09561
 0.46667    0.46667    0.07397
 0.46667    0.50000    0.05576
 0.46667    0.53333    0.04102
 0.46667    0.56667    0.02951
 0.46667    0.60000    0.02078
 0.46667    0.63333    0.01433
 0.46667    0.66667    0.00970
 0.46667    0.70000    0.00644
 0.46667    0.73333    0.00419
 0.46667    0.76667    0.00268
 0.46667    0.80000    0.00167
 0.46667    0.83333    0.00102
 0.46667    0.86667    0.00060
 0.46667    0.90000    0.00033
 0.46667    0.93333    0.00017
 0.46667    0.96667    0.00006
 0.46667    1.00000    0.00000
 0.50000    0.00000    0.00000
 0.50000    0.03333    0.06187
 0.50000    0.06667    0.11836
 0.50000    0.10000    0.16604
 0.50000    0.13333    0.20233
 0.50000    0.16667    0.22575
 0.50000    0.20000    0.23599
 0.50000    0.23333    0.23395
 0.50000    0.26667    0.22152
 0.50000    0.30000    0.20129
 0.50000    0.33333    0.17614
 0.50000    0.36667    0.14884
 0.50000    0.40000    0.12175
 0.50000    0.43333    0.09662
 0.50000    0.46667    0.07455
 0.50000    0.50000    0.05603
 0.50000    0.53333    0.04109
 0.50000    0.56667    0.02946
 0.50000    0.60000    0.02067
 0.50000    0.63333    0.01421
 0.50000    0.66667    0.00958
 0.50000    0.70000    0.00634
 0.50000    0.73333    0.00412
 0.50000    0.76667    0.00262
 0.50000    0.80000    0.00163
 0.50000    0.83333    0.00099
 0.50000    0.86667    0.00058
 0.50000    0.90000    0.00032
 0.50000    0.93333    0.00016
 0.50000    0.96667    0.00006
 0.50000    1.00000    0.00000
 0.53333    0.00000    0.00000
 0.53333    0.03333    0.06455
 0.53333    0.06667    0.12338
 0.53333    0.10000    0.17292
 0.53333    0.13333    0.21051
 0.53333    0.16667    0.23460
 0.53333    0.20000    0.24493
 0.53333    0.23333    0.24242
 0.53333    0.26667    0.22910
 0.53333    0.30000    0.20769
 0.53333    0.33333    0.18124
 0.53333    0.36667    0.15266
 0.53333    0.40000    0.12442
 0.53333    0.43333    0.09835
 0.53333    0.46667    0.07556
 0.53333    0.50000    0.05653
 0.53333    0.53333    0.04126
 0.53333    0.56667    0.02944
 0.53333    0.60000    0.02056
 0.53333    0.63333    0.01407
 0.53333    0.66667    0.00945
 0.53333    0.70000    0.00623
 0.53333    0.73333    0.00403
 0.53333    0.76667    0.00255
 0.53333    0.80000    0.00159
 0.53333    0.83333    0.00096
 0.53333    0.86667    0.00056
 0.53333    0.90000    0.00031
 0.53333    0.93333    0.00015
 0.53333    0.96667    0.00006
 0.53333    1.00000    0.00000
 0.56667    0.00000    0.00000
 0.56667    0.03333    0.06813
 0.56667    0.06667    0.12995
 0.56667    0.10000    0.18183
 0.56667    0.13333    0.22105
 0.56667    0.16667    0.24602
 0.56667    0.20000    0.25646
 0.56667    0.23333    0.25336
 0.56667    0.26667    0.23887
 0.56667    0.30000    0.21592
 0.56667    0.33333    0.18775
 0.56667    0.36667    0.15750
 0.56667    0.40000    0.12777
 0.56667    0.43333    0.10047
 0.56667    0.46667    0.07676
 0.56667    0.50000    0.05710
 0.56667    0.53333    0.04144
 0.56667    0.56667    0.02940
 0.56667    0.60000    0.02041
 0.56667    0.63333    0.01390
 0.56667    0.66667    0.00928
 0.56667    0.70000    0.00609
 0.56667    0.73333    0.00392
 0.56667    0.76667    0.00248
 0.56667    0.80000    0.00153
 0.56667    0.83333    0.00092
 0.56667    0.86667    0.00054
 0.56667    0.90000    0.00030
 0.56667    0.93333    0.00015
 0.56667    0.96667    0.00006
 0.56667    1.00000    0.00000
 0.60000    0.00000    0.00000
 0.60000    0.03333    0.07219
 0.60000    0.06667    0.13731
 0.60000    0.10000    0.19175
 0.60000    0.13333    0.23275
 0.60000    0.16667    0.25868
 0.60000    0.20000    0.26923
 0.60000    0.23333    0.26545
 0.60000    0.26667    0.24963
 0.60000    0.30000    0.22492
 0.60000    0.33333    0.19481
 0.60000    0.36667    0.16266
 0.60000    0.40000    0.13125
 0.60000    0.43333    0.10261
 0.60000    0.46667    0.07790
 0.60000    0.50000    0.05757
 0.60000    0.53333    0.04151
 0.60000    0.56667    0.02925
 0.60000    0.60000    0.02018
 0.60000    0.63333    0.01366
 0.60000    0.66667    0.00907
 0.60000    0.70000    0.00592
 0.60000    0.73333    0.00379
 0.60000    0.76667    0.00239
 0.60000    0.80000    0.00147
 0.60000    0.83333    0.00089
 0.60000    0.86667    0.00051
 0.60000    0.90000    0.00028
 0.60000    0.93333    0.00014
 0.60000    0.96667    0.00005
 0.60000    1.00000    0.00000
 0.63333    0.00000    0.00000
 0.63333    0.03333    0.07627
 0.63333    0.06667    0.14460
 0.63333    0.10000    0.20148
 0.63333    0.13333    0.24418
 0.63333    0.16667    0.27100
 0.63333    0.20000    0.28162
 0.63333    0.23333    0.27712
 0.63333    0.26667    0.25995
 0.63333    0.30000    0.23345
 0.63333    0.33333    0.20138
 0.63333    0.36667    0.16733
 0.63333    0.40000    0.13427
 0.63333    0.43333    0.10432
 0.63333    0.46667    0.07868
 0.63333    0.50000    0.05774
 0.63333    0.53333    0.04133
 0.63333    0.56667    0.02893
 0.63333    0.60000    0.01983
 0.63333    0.63333    0.01333
 0.63333    0.66667    0.00880
 0.63333    0.70000    0.00571
 0.63333    0.73333    0.00364
 0.63333    0.76667    0.00228
 0.63333    0.80000    0.00140
 0.63333    0.83333    0.00084
 0.63333    0.86667    0.00049
 0.63333    0.90000    0.00027
 0.63333    0.93333    0.00013
 0.63333    0.96667    0.00005
 0.63333    1.00000    0.00000
 0.66667    0.00000    0.00000
 0.66667    0.03333    0.07981
 0.66667    0.06667    0.15077
 0.66667    0.10000    0.20962
 0.66667    0.13333    0.25365
 0.66667    0.16667    0.28115
 0.66667    0.20000    0.29175
 0.66667    0.23333    0.28658
 0.66667    0.26667    0.26817
 0.66667    0.30000    0.24008
 0.66667    0.33333    0.20628
 0.66667    0.36667    0.17059
 0.66667    0.40000    0.13614
 0.66667    0.43333    0.10512
 0.66667    0.46667    0.07876
 0.66667    0.50000    0.05739
 0.66667    0.53333    0.04079
 0.66667    0.56667    0.02834
 0.66667    0.60000    0.01929
 0.66667    0.63333    0.01289
 0.66667    0.66667    0.00846
 0.66667    0.70000    0.00546
 0.66667    0.73333    0.00347
 0.66667    0.76667    0.00216
 0.66667    0.80000    0.00132
 0.66667    0.83333    0.00079
 0.66667    0.86667    0.00046
 0.66667    0.90000    0.00025
 0.66667    0.93333    0.00012
 0.66667    0.96667    0.00005
 0.66667    1.00000    0.00000
 0.70000    0.00000    0.00000
 0.70000    0.03333    0.08218
 0.70000    0.06667    0.15472
 0.70000    0.10000    0.21465
 0.70000    0.13333    0.25937
 0.70000    0.16667    0.28717
 0.70000    0.20000    0.29762
 0.70000    0.23333    0.29188
 0.70000    0.26667    0.27253
 0.70000    0.30000    0.24328
 0.70000    0.33333    0.20828
 0.70000    0.36667    0.17148
 0.70000    0.40000    0.13614
 0.70000    0.43333    0.10451
 0.70000    0.46667    0.07780
 0.70000    0.50000    0.05632
 0.70000    0.53333    0.03975
 0.70000    0.56667    0.02743
 0.70000    0.60000    0.01854
 0.70000    0.63333    0.01231
 0.70000    0.66667    0.00803
 0.70000    0.70000    0.00516
 0.70000    0.73333    0.00326
 0.70000    0.76667    0.00202
 0.70000    0.80000    0.00123
 0.70000    0.83333    0.00073
 0.70000    0.86667    0.00042
 0.70000    0.90000    0.00023
 0.70000    0.93333    0.00011
 0.70000    0.96667    0.00004
 0.70000    1.00000    0.00000
 0.73333    0.00000    0.00000
 0.73333    0.03333    0.08277
 0.73333    0.06667    0.15535
 0.73333    0.10000    0.21512
 0.73333    0.13333    0.25962
 0.73333    0.16667    0.28716
 0.73333    0.20000    0.29729
 0.73333    0.23333    0.29114
 0.73333    0.26667    0.27133
 0.73333    0.30000    0.24160
 0.73333    0.33333    0.20617
 0.73333    0.36667    0.16907
 0.73333    0.40000    0.13361
 0.73333    0.43333    0.10202
 0.73333    0.46667    0.07550
 0.73333    0.50000    0.05431
 0.73333    0.53333    0.03809
 0.73333    0.56667    0.02611
 0.73333    0.60000    0.01754
 0.73333    0.63333    0.01157
 0.73333    0.66667    0.00751
 0.73333    0.70000    0.00479
 0.73333    0.73333    0.00301
 0.73333    0.76667    0.00186
 0.73333    0.80000    0.00113
 0.73333    0.83333    0.00067
 0.73333    0.86667    0.00039
 0.73333    0.90000    0.00021
 0.73333    0.93333    0.00010
 0.73333    0.96667    0.00004
 0.73333    1.00000    0.00000
 0.76667    0.00000    0.00000
 0.76667    0.03333    0.08108
 0.76667    0.06667    0.15176
 0.76667    0.10000    0.20980
 0.76667    0.13333    0.25294
 0.76667    0.16667    0.27954
 0.76667    0.20000    0.28915
 0.76667    0.23333    0.28284
 0.76667    0.26667    0.26316
 0.76667    0.30000    0.23382
 0.76667    0.33333    0.19897
 0.76667    0.36667    0.16261
 0.76667    0.40000    0.12798
 0.76667    0.43333    0.09727
 0.76667    0.46667    0.07161
 0.76667    0.50000    0.05122
 0.76667    0.53333    0.03571
 0.76667    0.56667    0.02433
 0.76667    0.60000    0.01625
 0.76667    0.63333    0.01066
 0.76667    0.66667    0.00688
 0.76667    0.70000    0.00437
 0.76667    0.73333    0.00274
 0.76667    0.76667    0.00169
 0.76667    0.80000    0.00102
 0.76667    0.83333    0.00060
 0.76667    0.86667    0.00035
 0.76667    0.90000    0.00019
 0.76667    0.93333    0.00009
 0.76667    0.96667    0.00004
 0.76667    1.00000    0.00000
 0.80000    0.00000    0.00000
 0.80000    0.03333    0.07676
 0.80000    0.06667    0.14337
 0.80000    0.10000    0.19793
 0.80000    0.13333    0.23842
 0.80000    0.16667    0.26331
 0.80000    0.20000    0.27216
 0.80000    0.23333    0.26596
 0.80000    0.26667    0.24714
 0.80000    0.30000    0.21918
 0.80000    0.33333    0.18608
 0.80000    0.36667    0.15164
 0.80000    0.40000    0.11892
 0.80000    0.43333    0.09003
 0.80000    0.46667    0.06598
 0.80000    0.50000    0.04696
 0.80000    0.53333    0.03257
 0.80000    0.56667    0.02208
 0.80000    0.60000    0.01467
 0.80000    0.63333    0.00957
 0.80000    0.66667    0.00615
 0.80000    0.70000    0.00389
 0.80000    0.73333    0.00243
 0.80000    0.76667    0.00149
 0.80000    0.80000    0.00090
 0.80000    0.83333    0.00053
 0.80000    0.86667    0.00030
 0.80000    0.90000    0.00017
 0.80000    0.93333    0.00008
 0.80000    0.96667    0.00003
 0.80000    1.00000    0.00000
 0.83333    0.00000    0.00000
 0.83333    0.03333    0.06973
 0.83333    0.06667    0.13001
 0.83333    0.10000    0.17928
 0.83333    0.13333    0.21580
 0.83333    0.16667    0.23819
 0.83333    0.20000    0.24605
 0.83333    0.23333    0.24025
 0.83333    0.26667    0.22299
 0.83333    0.30000    0.19747
 0.83333    0.33333    0.16732
 0.83333    0.36667    0.13602
 0.83333    0.40000    0.10636
 0.83333    0.43333    0.08024
 0.83333    0.46667    0.05858
 0.83333    0.50000    0.04152
 0.83333    0.53333    0.02867
 0.83333    0.56667    0.01934
 0.83333    0.60000    0.01279
 0.83333    0.63333    0.00831
 0.83333    0.66667    0.00532
 0.83333    0.70000    0.00335
 0.83333    0.73333    0.00208
 0.83333    0.76667    0.00127
 0.83333    0.80000    0.00077
 0.83333    0.83333    0.00045
 0.83333    0.86667    0.00026
 0.83333    0.90000    0.00014
 0.83333    0.93333    0.00007
 0.83333    0.96667    0.00003
 0.83333    1.00000    0.00000
 0.86667    0.00000    0.00000
 0.86667    0.03333    0.06011
 0.86667    0.06667    0.11189
 0.86667    0.10000    0.15415
 0.86667    0.13333    0.18543
 0.86667    0.16667    0.20457
 0.86667    0.20000    0.21121
 0.86667    0.23333    0.20609
 0.86667    0.26667    0.19111
 0.86667    0.30000    0.16901
 0.86667    0.33333    0.14297
 0.86667    0.36667    0.11597
 0.86667    0.40000    0.09046
 0.86667    0.43333    0.06804
 0.86667    0.46667    0.04951
 0.86667    0.50000    0.03496
 0.86667    0.53333    0.02404
 0.86667    0.56667    0.01616
 0.86667    0.60000    0.01064
 0.86667    0.63333    0.00689
 0.86667    0.66667    0.00439
 0.86667    0.70000    0.00276
 0.86667    0.73333    0.00171
 0.86667    0.76667    0.00104
 0.86667    0.80000    0.00063
 0.86667    0.83333    0.00037
 0.86667    0.86667    0.00021
 0.86667    0.90000    0.00011
 0.86667    0.93333    0.00006
 0.86667    0.96667    0.00002
 0.86667    1.00000    0.00000
 0.90000    0.00000    0.00000
 0.90000    0.03333    0.04817
 0.90000    0.06667    0.08951
 0.90000    0.10000    0.12317
 0.90000    0.13333    0.14807
 0.90000    0.16667    0.16329
 0.90000    0.20000    0.16851
 0.90000    0.23333    0.16432
 0.90000    0.26667    0.15224
 0.90000    0.30000    0.13448
 0.90000    0.33333    0.11357
 0.90000    0.36667    0.09194
 0.90000    0.40000    0.07154
 0.90000    0.43333    0.05366
 0.90000    0.46667    0.03892
 0.90000    0.50000    0.02739
 0.90000    0.53333    0.01877
 0.90000    0.56667    0.01257
 0.90000    0.60000    0.00825
 0.90000    0.63333    0.00532
 0.90000    0.66667    0.00338
 0.90000    0.70000    0.00211
 0.90000    0.73333    0.00131
 0.90000    0.76667    0.00080
 0.90000    0.80000    0.00048
 0.90000    0.83333    0.00028
 0.90000    0.86667    0.00016
 0.90000    0.90000    0.00009
 0.90000    0.93333    0.00004
 0.90000    0.96667    0.00002
 0.90000    1.00000    0.00000
 0.93333    0.00000    0.00000
 0.93333    0.03333    0.03419
 0.93333    0.06667    0.06334
 0.93333    0.10000    0.08704
 0.93333    0.13333    0.10455
 0.93333    0.16667    0.11525
 0.93333    0.20000    0.11888
 0.93333    0.23333    0.11586
 0.93333    0.26667    0.10724
 0.93333    0.30000    0.09461
 0.93333    0.33333    0.07976
 0.93333    0.36667    0.06443
 0.93333    0.40000    0.05000
 0.93333    0.43333    0.03739
 0.93333    0.46667    0.02703
 0.93333    0.50000    0.01896
 0.93333    0.53333    0.01294
 0.93333    0.56667    0.00863
 0.93333    0.60000    0.00564
 0.93333    0.63333    0.00363
 0.93333    0.66667    0.00230
 0.93333    0.70000    0.00143
 0.93333    0.73333    0.00088
 0.93333    0.76667    0.00054
 0.93333    0.80000    0.00032
 0.93333    0.83333    0.00019
 0.93333    0.86667    0.00011
 0.93333    0.90000    0.00006
 0.93333    0.93333    0.00003
 0.93333    0.96667    0.00001
 0.93333    1.00000    0.00000
 0.96667    0.00000    0.00000
 0.96667    0.03333    0.01827
 0.96667    0.06667    0.03363
 0.96667    0.10000    0.04609
 0.96667    0.13333    0.05532
 0.96667    0.16667    0.06095
 0.96667    0.20000    0.06285
 0.96667    0.23333    0.06121
 0.96667    0.26667    0.05660
 0.96667    0.30000    0.04985
 0.96667    0.33333    0.04194
 0.96667    0.36667    0.03378
 0.96667    0.40000    0.02613
 0.96667    0.43333    0.01947
 0.96667    0.46667    0.01402
 0.96667    0.50000    0.00979
 0.96667    0.53333    0.00666
 0.96667    0.56667    0.00442
 0.96667    0.60000    0.00288
 0.96667    0.63333    0.00185
 0.96667    0.66667    0.00117
 0.96667    0.70000    0.00073
 0.96667    0.73333    0.00045
 0.96667    0.76667    0.00027
 0.96667    0.80000    0.00016
 0.96667    0.83333    0.00009
 0.96667    0.86667    0.00005
 0.96667    0.90000    0.00003
 0.96667    0.93333    0.00001
 0.96667    0.96667    0.00001
 0.96667    1.00000    0.00000
 1.00000    0.00000    0.00000
 1.00000    0.03333    0.00000
 1.00000    0.06667    0.00000
 1.00000    0.10000    0.00000
 1.00000    0.13333    0.00000
 1.00000    0.16667    0.00000
 1.00000    0.20000    0.00000
 1.00000    0.23333    0.00000
 1.00000    0.26667    0.00000
 1.00000    0.30000    0.00000
 1.00000    0.33333    0.00000
 1.00000    0.36667    0.00000
 1.00000    0.40000    0.00000
 1.00000    0.43333    0.00000
 1.00000    0.46667    0.00000
 1.00000    0.50000    0.00000
 1.00000    0.53333    0.00000
 1.00000    0.56667    0.00000
 1.00000    0.60000    0.00000
 1.00000    0.63333    0.00000
 1.00000    0.66667    0.00000
 1.00000    0.70000    0.00000
 1.00000    0.73333    0.00000
 1.00000    0.76667    0.00000
 1.00000    0.80000    0.00000
 1.00000    0.83333    0.00000
 1.00000    0.86667    0.00000
 1.00000    0.90000    0.00000
 1.00000    0.93333    0.00000
 1.00000    0.96667    0.00000
 1.00000    1.00000    0.00000
