-1.00000   -1.00000    1.00000
-1.00000   -0.93333    1.00000
-1.00000   -0.86667    1.00000
-1.00000   -0.80000    1.00000
-1.00000   -0.73333    1.00000
-1.00000   -0.66667    1.00000
-1.00000   -0.60000    1.00000
-1.00000   -0.53333    1.00000
-1.00000   -0.46667    1.00000
-1.00000   -0.40000    1.00000
-1.00000   -0.33333    1.00000
-1.00000   -0.26667    1.00000
-1.00000   -0.20000    1.00000
-1.00000   -0.13333    1.00000
-1.00000   -0.06667    1.00000
-1.00000    0.00000    1.00000
-1.00000    0.06667    1.00000
-1.00000    0.13333    1.00000
-1.00000    0.20000    1.00000
-1.00000    0.26667    1.00000
-1.00000    0.33333    1.00000
-1.00000    0.40000    1.00000
-1.00000    0.46667    1.00000
-1.00000    0.53333    1.00000
-1.00000    0.60000    1.00000
-1.00000    0.66667    1.00000
-1.00000    0.73333    1.00000
-1.00000    0.80000    1.00000
-1.00000    0.86667    1.00000
-1.00000    0.93333    1.00000
-1.00000    1.00000    1.00000
-0.93333   -1.00000    1.00000
-0.93333   -0.93333   -86113.03241
-0.93333   -0.86667   -83286.79102
-0.93333   -0.80000   -76979.89764
-0.93333   -0.73333   -68876.81505
-0.93333   -0.66667   -59989.03277
-0.93333   -0.60000   -51106.10731
-0.93333   -0.53333   -42815.40704
-0.93333   -0.46667   -35476.66114
-0.93333   -0.40000   -29238.32445
-0.93333   -0.33333   -24088.52806
-0.93333   -0.26667   -19917.95227
-0.93333   -0.20000   -16575.24329
-0.93333   -0.13333   -13905.28065
-0.93333   -0.06667   -11769.67360
-0.93333    0.00000   -10053.99947
-0.93333    0.06667   -8667.43489
-0.93333    0.13333   -7539.20740
-0.93333    0.20000   -6614.44044
-0.93333    0.26667   -5850.48493
-0.93333    0.33333   -5213.98781
-0.93333    0.40000   -4678.59382
-0.93333    0.46667   -4223.07289
-0.93333    0.53333   -3829.62517
-0.93333    0.60000   -3482.01801
-0.93333    0.66667   -3162.93208
-0.93333    0.73333   -2849.21599
-0.93333    0.80000   -2502.19155
-0.93333    0.86667   -2046.69847
-0.93333    0.93333   -1325.23506
-0.93333    1.00000    1.00000
-0.86667   -1.00000    1.00000
-0.86667   -0.93333   -83288.71713
-0.86667   -0.86667   -88837.43882
-0.86667   -0.80000   -87635.76822
-0.86667   -0.73333   -83182.93830
-0.86667   -0.66667   -76502.35391
-0.86667   -0.60000   -68498.36121
-0.86667   -0.53333   -60021.23809
-0.86667   -0.46667   -51765.42704
-0.86667   -0.40000   -44202.43591
-0.86667   -0.33333   -37576.43707
-0.86667   -0.26667   -31947.88840
-0.86667   -0.20000   -27257.53169
-0.86667   -0.13333   -23386.64766
-0.86667   -0.06667   -20200.54931
-0.86667    0.00000   -17573.15892
-0.86667    0.06667   -15396.95135
-0.86667    0.13333   -13584.26085
-0.86667    0.20000   -12064.78597
-0.86667    0.26667   -10782.12315
-0.86667    0.33333   -9690.51919
-0.86667    0.40000   -8752.07959
-0.86667    0.46667   -7934.23537
-0.86667    0.53333   -7207.07152
-0.86667    0.60000   -6539.92909
-0.86667    0.66667   -5896.37662
-0.86667    0.73333   -5226.18116
-0.86667    0.80000   -4452.56624
-0.86667    0.86667   -3454.07691
-0.86667    0.93333   -2047.02023
-0.86667    1.00000    1.00000
-0.80000   -1.00000    1.00000
-0.80000   -0.93333   -76983.67908
-0.80000   -0.86667   -87638.13115
-0.80000   -0.80000   -90149.80328
-0.80000   -0.73333   -88939.63566
-0.80000   -0.66667   -84870.84834
-0.80000   -0.60000   -78657.34681
-0.80000   -0.53333   -71109.55291
-0.80000   -0.46667   -63032.17105
-0.80000   -0.40000   -55097.41803
-0.80000   -0.33333   -47769.39729
-0.80000   -0.26667   -41294.27125
-0.80000   -0.20000   -35740.04357
-0.80000   -0.13333   -31057.95186
-0.80000   -0.06667   -27140.96449
-0.80000    0.00000   -23866.03160
-0.80000    0.06667   -21117.75510
-0.80000    0.13333   -18797.69216
-0.80000    0.20000   -16825.24946
-0.80000    0.26667   -15134.93407
-0.80000    0.33333   -13672.67913
-0.80000    0.40000   -12392.28634
-0.80000    0.46667   -11252.04344
-0.80000    0.53333   -10211.11672
-0.80000    0.60000   -9225.12989
-0.80000    0.66667   -8240.31031
-0.80000    0.73333   -7185.88267
-0.80000    0.80000   -5965.64599
-0.80000    0.86667   -4453.20594
-0.80000    0.93333   -2502.90506
-0.80000    1.00000    1.00000
-0.73333   -1.00000    1.00000
-0.73333   -0.93333   -68882.07984
-0.73333   -0.86667   -83187.53540
-0.73333   -0.80000   -88942.17349
-0.73333   -0.73333   -90859.49673
-0.73333   -0.66667   -89640.87356
-0.73333   -0.60000   -85723.39371
-0.73333   -0.53333   -79730.83428
-0.73333   -0.46667   -72434.79137
-0.73333   -0.40000   -64613.73757
-0.73333   -0.33333   -56920.05313
-0.73333   -0.26667   -49803.45660
-0.73333   -0.20000   -43500.88644
-0.73333   -0.13333   -38075.78208
-0.73333   -0.06667   -33478.66631
-0.73333    0.00000   -29604.61065
-0.73333    0.06667   -26334.37083
-0.73333    0.13333   -23556.98409
-0.73333    0.20000   -21178.12218
-0.73333    0.26667   -19120.16971
-0.73333    0.33333   -17318.74025
-0.73333    0.40000   -15718.25011
-0.73333    0.46667   -14267.47980
-0.73333    0.53333   -12915.11437
-0.73333    0.60000   -11604.95395
-0.73333    0.66667   -10270.69168
-0.73333    0.73333   -8830.94668
-0.73333    0.80000   -7186.90851
-0.73333    0.86667   -5227.63296
-0.73333    0.93333   -2850.35306
-0.73333    1.00000    1.00000
-0.66667   -1.00000    1.00000
-0.66667   -0.93333   -59995.32530
-0.66667   -0.86667   -76508.81536
-0.66667   -0.80000   -84875.75652
-0.66667   -0.73333   -89643.48527
-0.66667   -0.66667   -91355.07222
-0.66667   -0.60000   -90134.35407
-0.66667   -0.53333   -86302.28532
-0.66667   -0.46667   -80444.81928
-0.66667   -0.40000   -73312.46121
-0.66667   -0.33333   -65667.27844
-0.66667   -0.26667   -58147.69801
-0.66667   -0.20000   -51191.92229
-0.66667   -0.13333   -45028.12969
-0.66667   -0.06667   -39713.85527
-0.66667    0.00000   -35196.32215
-0.66667    0.06667   -31369.34604
-0.66667    0.13333   -28113.70681
-0.66667    0.20000   -25318.88877
-0.66667    0.26667   -22890.56015
-0.66667    0.33333   -20749.78967
-0.66667    0.40000   -18828.70704
-0.66667    0.46667   -17065.23115
-0.66667    0.53333   -15397.88633
-0.66667    0.60000   -13760.99436
-0.66667    0.66667   -12080.60357
-0.66667    0.73333   -10272.23874
-0.66667    0.80000   -8242.68662
-0.66667    0.86667   -5898.80398
-0.66667    0.93333   -3164.55949
-0.66667    1.00000    1.00000
-0.60000   -1.00000    1.00000
-0.60000   -0.93333   -51112.97756
-0.60000   -0.86667   -68506.19599
-0.60000   -0.80000   -78664.23763
-0.60000   -0.73333   -85728.40252
-0.60000   -0.66667   -90136.95791
-0.60000   -0.60000   -91744.42674
-0.60000   -0.53333   -90523.35058
-0.60000   -0.46667   -86748.68714
-0.60000   -0.40000   -80985.40922
-0.60000   -0.33333   -73969.89720
-0.60000   -0.26667   -66452.38807
-0.60000   -0.20000   -59060.82210
-0.60000   -0.13333   -52224.33276
-0.60000   -0.06667   -46163.69593
-0.60000    0.00000   -40930.80647
-0.60000    0.06667   -36468.84541
-0.60000    0.13333   -32668.76465
-0.60000    0.20000   -29409.04653
-0.60000    0.26667   -26576.72089
-0.60000    0.33333   -24074.08147
-0.60000    0.40000   -21817.16338
-0.60000    0.46667   -19730.78143
-0.60000    0.53333   -17742.93726
-0.60000    0.60000   -15779.96479
-0.60000    0.66667   -13763.25670
-0.60000    0.73333   -11608.57596
-0.60000    0.80000   -9229.21535
-0.60000    0.86667   -6543.55754
-0.60000    0.93333   -3484.25883
-0.60000    1.00000    1.00000
-0.53333   -1.00000    1.00000
-0.53333   -0.93333   -42822.44970
-0.53333   -0.86667   -60029.90693
-0.53333   -0.80000   -71117.89514
-0.53333   -0.73333   -79737.80091
-0.53333   -0.66667   -86307.20178
-0.53333   -0.60000   -90525.83944
-0.53333   -0.53333   -92066.57987
-0.53333   -0.46667   -90844.91298
-0.53333   -0.40000   -87111.73478
-0.53333   -0.33333   -81417.91143
-0.53333   -0.26667   -74489.03773
-0.53333   -0.20000   -67065.91598
-0.53333   -0.13333   -59767.95656
-0.53333   -0.06667   -53016.71486
-0.53333    0.00000   -47026.45994
-0.53333    0.06667   -41843.64892
-0.53333    0.13333   -37406.89395
-0.53333    0.20000   -33603.05436
-0.53333    0.26667   -30306.46803
-0.53333    0.33333   -27399.38558
-0.53333    0.40000   -24778.14518
-0.53333    0.46667   -22351.28236
-0.53333    0.53333   -20034.57759
-0.53333    0.60000   -17746.13481
-0.53333    0.66667   -15403.16557
-0.53333    0.73333   -12921.39487
-0.53333    0.80000   -10217.34388
-0.53333    0.86667   -7212.20401
-0.53333    0.93333   -3832.65320
-0.53333    1.00000    1.00000
-0.46667   -1.00000    1.00000
-0.46667   -0.93333   -35483.52875
-0.46667   -0.86667   -51774.39413
-0.46667   -0.80000   -63041.35959
-0.46667   -0.73333   -72443.12222
-0.46667   -0.66667   -80451.52998
-0.46667   -0.60000   -86753.26683
-0.46667   -0.53333   -90847.14615
-0.46667   -0.46667   -92338.80832
-0.46667   -0.40000   -91115.50984
-0.46667   -0.33333   -87412.75002
-0.46667   -0.26667   -81770.62074
-0.46667   -0.20000   -74905.76342
-0.46667   -0.13333   -67550.91401
-0.46667   -0.06667   -60318.07008
-0.46667    0.00000   -53622.03010
-0.46667    0.06667   -47670.97342
-0.46667    0.13333   -42505.83870
-0.46667    0.20000   -38060.05200
-0.46667    0.26667   -34215.26451
-0.46667    0.33333   -30840.18321
-0.46667    0.40000   -27810.65368
-0.46667    0.46667   -25015.66411
-0.46667    0.53333   -22355.63312
-0.46667    0.60000   -19738.15342
-0.46667    0.66667   -17074.33390
-0.46667    0.73333   -14277.06689
-0.46667    0.80000   -11260.91571
-0.46667    0.86667   -7941.23615
-0.46667    0.93333   -4227.09523
-0.46667    1.00000    1.00000
-0.40000   -1.00000    1.00000
-0.40000   -0.93333   -29244.73948
-0.40000   -0.86667   -44211.21975
-0.40000   -0.80000   -55106.85292
-0.40000   -0.73333   -64622.77989
-0.40000   -0.66667   -73320.31893
-0.40000   -0.60000   -80991.48727
-0.40000   -0.53333   -87115.69717
-0.40000   -0.46667   -91117.34287
-0.40000   -0.40000   -92569.93216
-0.40000   -0.33333   -91343.57732
-0.40000   -0.26667   -87662.41854
-0.40000   -0.20000   -82057.58394
-0.40000   -0.13333   -75237.84452
-0.40000   -0.06667   -67928.68068
-0.40000    0.00000   -60735.30278
-0.40000    0.06667   -54066.14444
-0.40000    0.13333   -48123.37206
-0.40000    0.20000   -42942.11368
-0.40000    0.26667   -38449.96160
-0.40000    0.33333   -34522.45544
-0.40000    0.40000   -31021.70439
-0.40000    0.46667   -27816.41048
-0.40000    0.53333   -24788.06885
-0.40000    0.60000   -21829.75472
-0.40000    0.66667   -18842.51128
-0.40000    0.73333   -15731.86577
-0.40000    0.80000   -12404.37631
-0.40000    0.86667   -8761.36579
-0.40000    0.93333   -4683.84470
-0.40000    1.00000    1.00000
-0.33333   -1.00000    1.00000
-0.33333   -0.93333   -24094.30235
-0.33333   -0.86667   -37584.66364
-0.33333   -0.80000   -47778.56807
-0.33333   -0.73333   -56929.20502
-0.33333   -0.66667   -65675.63506
-0.33333   -0.60000   -73976.82309
-0.33333   -0.53333   -81422.98585
-0.33333   -0.46667   -87415.85451
-0.33333   -0.40000   -91344.91289
-0.33333   -0.33333   -92764.92639
-0.33333   -0.26667   -91533.86709
-0.33333   -0.20000   -87866.61518
-0.33333   -0.13333   -82286.38676
-0.33333   -0.06667   -75494.74241
-0.33333    0.00000   -68210.38357
-0.33333    0.06667   -61032.05172
-0.33333    0.13333   -54361.93270
-0.33333    0.20000   -48396.05339
-0.33333    0.26667   -43163.36303
-0.33333    0.33333   -38585.07680
-0.33333    0.40000   -34530.03518
-0.33333    0.46667   -30853.29769
-0.33333    0.53333   -27416.27125
-0.33333    0.60000   -24093.08534
-0.33333    0.66667   -20769.30872
-0.33333    0.73333   -17337.22956
-0.33333    0.80000   -13688.66564
-0.33333    0.86667   -9702.58971
-0.33333    0.93333   -5220.75010
-0.33333    1.00000    1.00000
-0.26667   -1.00000    1.00000
-0.26667   -0.93333   -19922.99757
-0.26667   -0.86667   -31955.32390
-0.26667   -0.80000   -41302.81555
-0.26667   -0.73333   -49812.25213
-0.26667   -0.66667   -58156.01417
-0.26667   -0.60000   -66459.58281
-0.26667   -0.53333   -74494.63738
-0.26667   -0.46667   -81774.42513
-0.26667   -0.40000   -87664.54434
-0.26667   -0.33333   -91534.68529
-0.26667   -0.26667   -92926.80435
-0.26667   -0.20000   -91689.23828
-0.26667   -0.13333   -88028.77324
-0.26667   -0.06667   -82461.34315
-0.26667    0.00000   -75681.69608
-0.26667    0.06667   -68402.01111
-0.26667    0.13333   -61214.67604
-0.26667    0.20000   -54515.57974
-0.26667    0.26667   -48494.39210
-0.26667    0.33333   -43173.53024
-0.26667    0.40000   -38467.40698
-0.26667    0.46667   -34237.72955
-0.26667    0.53333   -30332.03723
-0.26667    0.60000   -26603.61581
-0.26667    0.66667   -22917.05567
-0.26667    0.73333   -19144.59424
-0.26667    0.80000   -15155.68032
-0.26667    0.86667   -10797.62336
-0.26667    0.93333   -5859.13533
-0.26667    1.00000    1.00000
-0.20000   -1.00000    1.00000
-0.20000   -0.93333   -16579.55602
-0.20000   -0.86667   -27264.07358
-0.20000   -0.80000   -35747.75342
-0.20000   -0.73333   -43509.02179
-0.20000   -0.66667   -51199.81527
-0.20000   -0.60000   -59067.84738
-0.20000   -0.53333   -67071.57284
-0.20000   -0.46667   -74909.79125
-0.20000   -0.40000   -82060.02569
-0.20000   -0.33333   -87867.77911
-0.20000   -0.26667   -91689.58098
-0.20000   -0.20000   -93057.46870
-0.20000   -0.13333   -91811.47616
-0.20000   -0.06667   -88150.96275
-0.20000    0.00000   -82584.95289
-0.20000    0.06667   -75801.60119
-0.20000    0.13333   -68506.66592
-0.20000    0.20000   -61286.16077
-0.20000    0.26667   -54529.52682
-0.20000    0.33333   -48419.79654
-0.20000    0.40000   -42972.44528
-0.20000    0.46667   -38094.49932
-0.20000    0.53333   -33639.57375
-0.20000    0.60000   -29445.77341
-0.20000    0.66667   -25354.01629
-0.20000    0.73333   -21209.88046
-0.20000    0.80000   -16851.90399
-0.20000    0.86667   -12084.59054
-0.20000    0.93333   -6625.50558
-0.20000    1.00000    1.00000
-0.13333   -1.00000    1.00000
-0.13333   -0.93333   -13908.90716
-0.13333   -0.86667   -23392.28301
-0.13333   -0.80000   -31064.73667
-0.13333   -0.73333   -38083.08881
-0.13333   -0.66667   -45035.36075
-0.13333   -0.60000   -52230.89412
-0.13333   -0.53333   -59773.34006
-0.13333   -0.46667   -67554.81741
-0.13333   -0.40000   -75240.24722
-0.13333   -0.33333   -82287.53182
-0.13333   -0.26667   -88029.07333
-0.13333   -0.20000   -91811.40258
-0.13333   -0.13333   -93158.12015
-0.13333   -0.06667   -91901.68311
-0.13333    0.00000   -88234.40063
-0.13333    0.06667   -82658.58845
-0.13333    0.13333   -75855.89468
-0.13333    0.20000   -68525.63938
-0.13333    0.26667   -61247.32719
-0.13333    0.33333   -54403.67234
-0.13333    0.40000   -48170.59119
-0.13333    0.46667   -42555.79763
-0.13333    0.53333   -37457.41619
-0.13333    0.60000   -32717.93420
-0.13333    0.66667   -28159.68667
-0.13333    0.73333   -23597.95091
-0.13333    0.80000   -18831.80326
-0.13333    0.86667   -13609.56620
-0.13333    0.93333   -7553.42660
-0.13333    1.00000    1.00000
-0.06667   -1.00000    1.00000
-0.06667   -0.93333   -11772.67575
-0.06667   -0.86667   -20205.30879
-0.06667   -0.80000   -27146.80281
-0.06667   -0.73333   -33485.06612
-0.06667   -0.66667   -39720.29099
-0.06667   -0.60000   -46169.61292
-0.06667   -0.53333   -53021.61129
-0.06667   -0.46667   -60321.61738
-0.06667   -0.40000   -67930.80436
-0.06667   -0.33333   -75495.61821
-0.06667   -0.26667   -82461.32554
-0.06667   -0.20000   -88150.49648
-0.06667   -0.13333   -91901.23245
-0.06667   -0.06667   -93229.46872
-0.06667    0.00000   -91960.47314
-0.06667    0.06667   -88279.69715
-0.06667    0.13333   -82682.82192
-0.06667    0.20000   -75844.96253
-0.06667    0.26667   -68458.85564
-0.06667    0.33333   -61097.18394
-0.06667    0.40000   -54135.35146
-0.06667    0.46667   -47741.08024
-0.06667    0.53333   -41912.25442
-0.06667    0.60000   -36533.97029
-0.06667    0.66667   -31429.16465
-0.06667    0.73333   -26387.06315
-0.06667    0.80000   -21161.40577
-0.06667    0.86667   -15429.38426
-0.06667    0.93333   -8685.83607
-0.06667    1.00000    1.00000
 0.00000   -1.00000    1.00000
 0.00000   -0.93333   -10056.43380
 0.00000   -0.86667   -17577.08696
 0.00000   -0.80000   -23870.93747
 0.00000   -0.73333   -29610.08055
 0.00000   -0.66667   -35201.90100
 0.00000   -0.60000   -40935.98263
 0.00000   -0.53333   -47030.74624
 0.00000   -0.46667   -53625.08242
 0.00000   -0.40000   -60737.00116
 0.00000   -0.33333   -68210.83632
 0.00000   -0.26667   -75681.18721
 0.00000   -0.20000   -82583.87793
 0.00000   -0.13333   -88233.21569
 0.00000   -0.06667   -91959.65424
 0.00000    0.00000   -93271.85338
 0.00000    0.06667   -91988.07700
 0.00000    0.13333   -88286.98121
 0.00000    0.20000   -82657.57308
 0.00000    0.26667   -75768.27043
 0.00000    0.33333   -68304.87086
 0.00000    0.40000   -60832.54786
 0.00000    0.46667   -53718.08198
 0.00000    0.53333   -47118.43695
 0.00000    0.60000   -41016.53414
 0.00000    0.66667   -35273.96497
 0.00000    0.73333   -29672.39367
 0.00000    0.80000   -23922.01207
 0.00000    0.86667   -17614.91773
 0.00000    0.93333   -10078.00207
 0.00000    1.00000    1.00000
 0.06667   -1.00000    1.00000
 0.06667   -0.93333   -8669.34861
 0.06667   -0.86667   -15400.09903
 0.06667   -0.80000   -21121.76827
 0.06667   -0.73333   -26338.93087
 0.06667   -0.66667   -31374.06430
 0.06667   -0.60000   -36473.25348
 0.06667   -0.53333   -41847.27823
 0.06667   -0.46667   -47673.47068
 0.06667   -0.40000   -54067.35081
 0.06667   -0.33333   -61032.01080
 0.06667   -0.26667   -68400.92966
 0.06667   -0.20000   -75799.80600
 0.06667   -0.13333   -82656.49776
 0.06667   -0.06667   -88277.79712
 0.06667    0.00000   -91986.88488
 0.06667    0.06667   -93285.31889
 0.06667    0.13333   -91984.40965
 0.06667    0.20000   -88255.96557
 0.06667    0.26667   -82582.13749
 0.06667    0.33333   -75624.25566
 0.06667    0.40000   -68060.41353
 0.06667    0.46667   -60446.78517
 0.06667    0.53333   -53138.57144
 0.06667    0.60000   -46275.98240
 0.06667    0.66667   -39814.55391
 0.06667    0.73333   -33566.01018
 0.06667    0.80000   -27213.00605
 0.06667    0.86667   -20254.60473
 0.06667    0.93333   -11801.24142
 0.06667    1.00000    1.00000
 0.13333   -1.00000    1.00000
 0.13333   -0.93333   -7540.64987
 0.13333   -0.86667   -13586.70001
 0.13333   -0.80000   -18800.89139
 0.13333   -0.73333   -23560.70834
 0.13333   -0.66667   -28117.62655
 0.13333   -0.60000   -32672.45201
 0.13333   -0.53333   -37409.89988
 0.13333   -0.46667   -42507.80423
 0.13333   -0.40000   -48124.10512
 0.13333   -0.33333   -54361.41769
 0.13333   -0.26667   -61213.04243
 0.13333   -0.20000   -68504.15959
 0.13333   -0.13333   -75852.86909
 0.13333   -0.06667   -82679.73591
 0.13333    0.00000   -88284.37949
 0.13333    0.06667   -91982.86392
 0.13333    0.13333   -93269.68253
 0.13333    0.20000   -91949.12773
 0.13333    0.26667   -88185.96495
 0.13333    0.33333   -82455.08046
 0.13333    0.40000   -75409.91496
 0.13333    0.46667   -67719.27302
 0.13333    0.53333   -59927.12432
 0.13333    0.60000   -52370.44690
 0.13333    0.66667   -45158.56209
 0.13333    0.73333   -38188.55461
 0.13333    0.80000   -31151.03876
 0.13333    0.86667   -23457.03496
 0.13333    0.93333   -13947.15800
 0.13333    1.00000    1.00000
 0.20000   -1.00000    1.00000
 0.20000   -0.93333   -6615.48310
 0.20000   -0.86667   -12066.63354
 0.20000   -0.80000   -16827.77635
 0.20000   -0.73333   -21181.16068
 0.20000   -0.66667   -25322.15762
 0.20000   -0.60000   -29412.15311
 0.20000   -0.53333   -33605.56829
 0.20000   -0.46667   -38061.61135
 0.20000   -0.40000   -42942.49921
 0.20000   -0.33333   -48395.19867
 0.20000   -0.26667   -54513.54310
 0.20000   -0.20000   -61283.10411
 0.20000   -0.13333   -68521.83271
 0.20000   -0.06667   -75840.80219
 0.20000    0.00000   -82653.58571
 0.20000    0.06667   -88252.76709
 0.20000    0.13333   -91947.31706
 0.20000    0.20000   -93224.58632
 0.20000    0.26667   -91881.64413
 0.20000    0.33333   -88075.80381
 0.20000    0.40000   -82273.89354
 0.20000    0.46667   -75119.87942
 0.20000    0.53333   -67269.99616
 0.20000    0.60000   -59249.00603
 0.20000    0.66667   -51360.22207
 0.20000    0.73333   -43646.59326
 0.20000    0.80000   -35860.76805
 0.20000    0.86667   -27349.73766
 0.20000    0.93333   -16631.29834
 0.20000    1.00000    1.00000
 0.26667   -1.00000    1.00000
 0.26667   -0.93333   -5851.23360
 0.26667   -0.86667   -10783.55244
 0.26667   -0.80000   -15137.00108
 0.26667   -0.73333   -19122.75373
 0.26667   -0.66667   -22893.41489
 0.26667   -0.60000   -26579.48206
 0.26667   -0.53333   -30308.72260
 0.26667   -0.46667   -34216.65090
 0.26667   -0.40000   -38450.24086
 0.26667   -0.33333   -43162.42878
 0.26667   -0.26667   -48492.24297
 0.26667   -0.20000   -54526.24661
 0.26667   -0.13333   -61243.09551
 0.26667   -0.06667   -68453.98091
 0.26667    0.00000   -75763.21764
 0.26667    0.06667   -82577.51295
 0.26667    0.13333   -88182.42661
 0.26667    0.20000   -91879.74175
 0.26667    0.26667   -93149.45030
 0.26667    0.33333   -91780.99893
 0.26667    0.40000   -87923.50141
 0.26667    0.46667   -82034.23122
 0.26667    0.53333   -74744.50584
 0.26667    0.60000   -66690.97461
 0.26667    0.66667   -58363.04030
 0.26667    0.73333   -49991.22819
 0.26667    0.80000   -41451.09416
 0.26667    0.86667   -32069.26029
 0.26667    0.93333   -19993.61080
 0.26667    1.00000    1.00000
 0.33333   -1.00000    1.00000
 0.33333   -0.93333   -5214.57339
 0.33333   -0.86667   -9691.74009
 0.33333   -0.80000   -13674.54153
 0.33333   -0.73333   -17321.14850
 0.33333   -0.66667   -20752.51885
 0.33333   -0.60000   -24076.78893
 0.33333   -0.53333   -27401.67496
 0.33333   -0.46667   -30841.69772
 0.33333   -0.40000   -34522.94547
 0.33333   -0.33333   -38584.40905
 0.33333   -0.26667   -43171.65897
 0.33333   -0.20000   -48416.74128
 0.33333   -0.13333   -54399.52793
 0.33333   -0.06667   -61092.16059
 0.33333    0.00000   -68299.34029
 0.33333    0.06667   -75618.76285
 0.33333    0.13333   -82450.28010
 0.33333    0.20000   -88072.31527
 0.33333    0.26667   -91779.22805
 0.33333    0.33333   -93043.25743
 0.33333    0.40000   -91645.54139
 0.33333    0.46667   -87725.64908
 0.33333    0.53333   -81728.39711
 0.33333    0.60000   -74265.79744
 0.33333    0.66667   -65938.81907
 0.33333    0.73333   -57160.11117
 0.33333    0.80000   -47972.57720
 0.33333    0.86667   -37736.44782
 0.33333    0.93333   -24191.22350
 0.33333    1.00000    1.00000
 0.40000   -1.00000    1.00000
 0.40000   -0.93333   -4679.14676
 0.40000   -0.86667   -8753.29623
 0.40000   -0.80000   -12394.18806
 0.40000   -0.73333   -15720.74606
 0.40000   -0.66667   -18831.58212
 0.40000   -0.60000   -21820.09164
 0.40000   -0.53333   -24780.74767
 0.40000   -0.46667   -27812.58421
 0.40000   -0.40000   -31022.71288
 0.40000   -0.33333   -34529.97558
 0.40000   -0.26667   -38466.20694
 0.40000   -0.20000   -42970.07956
 0.40000   -0.13333   -48167.08661
 0.40000   -0.06667   -54130.82647
 0.40000    0.00000   -60827.26851
 0.40000    0.06667   -68054.82701
 0.40000    0.13333   -75404.61436
 0.40000    0.20000   -82269.49840
 0.40000    0.26667   -87920.49318
 0.40000    0.33333   -91644.11884
 0.40000    0.40000   -92904.21568
 0.40000    0.46667   -91472.43498
 0.40000    0.53333   -87476.28237
 0.40000    0.60000   -81342.15696
 0.40000    0.66667   -73647.58444
 0.40000    0.73333   -64916.13416
 0.40000    0.80000   -55358.34310
 0.40000    0.86667   -44412.56891
 0.40000    0.93333   -29377.82910
 0.40000    1.00000    1.00000
 0.46667   -1.00000    1.00000
 0.46667   -0.93333   -4223.69933
 0.46667   -0.86667   -7935.60693
 0.46667   -0.80000   -11254.16695
 0.46667   -0.73333   -14270.25308
 0.46667   -0.66667   -17068.44102
 0.46667   -0.60000   -19734.11642
 0.46667   -0.53333   -22354.38347
 0.46667   -0.46667   -25018.20249
 0.46667   -0.40000   -27818.14612
 0.46667   -0.33333   -30854.08598
 0.46667   -0.26667   -34237.48960
 0.46667   -0.20000   -38093.18307
 0.46667   -0.13333   -42553.38773
 0.46667   -0.06667   -47737.62374
 0.46667    0.00000   -53713.74755
 0.46667    0.06667   -60441.90932
 0.46667    0.13333   -67714.34838
 0.46667    0.20000   -75115.46349
 0.46667    0.26667   -82030.80679
 0.46667    0.33333   -87723.49217
 0.46667    0.40000   -91471.52633
 0.46667    0.46667   -92729.28547
 0.46667    0.53333   -91256.81745
 0.46667    0.60000   -87164.52984
 0.46667    0.66667   -80846.94689
 0.46667    0.73333   -72807.41486
 0.46667    0.80000   -63361.89945
 0.46667    0.86667   -52038.41174
 0.46667    0.93333   -35665.08877
 0.46667    1.00000    1.00000
 0.53333   -1.00000    1.00000
 0.53333   -0.93333   -3830.39232
 0.53333   -0.86667   -7208.68745
 0.53333   -0.80000   -10213.55108
 0.53333   -0.73333   -12918.24340
 0.53333   -0.66667   -15401.49533
 0.53333   -0.60000   -17746.73010
 0.53333   -0.53333   -20038.21941
 0.53333   -0.46667   -22358.81966
 0.53333   -0.40000   -24790.58010
 0.53333   -0.33333   -27417.97679
 0.53333   -0.26667   -30332.86390
 0.53333   -0.20000   -33639.47142
 0.53333   -0.13333   -37456.34889
 0.53333   -0.06667   -41910.22560
 0.53333    0.00000   -47115.54149
 0.53333    0.06667   -53135.04536
 0.53333    0.13333   -59923.34782
 0.53333    0.20000   -67266.42619
 0.53333    0.26667   -74741.56412
 0.53333    0.33333   -81726.36215
 0.53333    0.40000   -87475.21051
 0.53333    0.46667   -91256.50290
 0.53333    0.53333   -92513.31843
 0.53333    0.60000   -90990.02991
 0.53333    0.66667   -86768.79041
 0.53333    0.73333   -80176.97048
 0.53333    0.80000   -71516.56157
 0.53333    0.86667   -60369.41617
 0.53333    0.93333   -43066.61042
 0.53333    1.00000    1.00000
 0.60000   -1.00000    1.00000
 0.60000   -0.93333   -3482.94393
 0.60000   -0.86667   -6541.79346
 0.60000   -0.80000   -9227.85237
 0.60000   -0.73333   -11608.38615
 0.60000   -0.66667   -13764.92166
 0.60000   -0.60000   -15784.11023
 0.60000   -0.53333   -17750.19313
 0.60000   -0.46667   -19741.85195
 0.60000   -0.40000   -21832.90198
 0.60000   -0.33333   -24095.57524
 0.60000   -0.26667   -26605.39541
 0.60000   -0.20000   -29446.80707
 0.60000   -0.13333   -32718.18941
 0.60000   -0.06667   -36533.43452
 0.60000    0.00000   -41015.25836
 0.60000    0.06667   -46274.12746
 0.60000    0.13333   -52368.29263
 0.60000    0.20000   -59246.90008
 0.60000    0.26667   -66689.24396
 0.60000    0.33333   -74264.66610
 0.60000    0.40000   -81341.68725
 0.60000    0.46667   -87164.58619
 0.60000    0.53333   -90990.28364
 0.60000    0.60000   -92247.19145
 0.60000    0.66667   -90655.27703
 0.60000    0.73333   -86239.44622
 0.60000    0.80000   -79144.81715
 0.60000    0.86667   -68931.17625
 0.60000    0.93333   -51434.22481
 0.60000    1.00000    1.00000
 0.66667   -1.00000    1.00000
 0.66667   -0.93333   -3163.98171
 0.66667   -0.86667   -5898.40522
 0.66667   -0.80000   -8243.18620
 0.66667   -0.73333   -10274.24642
 0.66667   -0.66667   -12084.62903
 0.66667   -0.60000   -13767.50155
 0.66667   -0.53333   -15407.36035
 0.66667   -0.46667   -17078.24370
 0.66667   -0.40000   -18845.97944
 0.66667   -0.33333   -20772.26000
 0.66667   -0.26667   -22919.46487
 0.66667   -0.20000   -25355.87234
 0.66667   -0.13333   -28160.97548
 0.66667   -0.06667   -31429.87923
 0.66667    0.00000   -35274.14008
 0.66667    0.06667   -39814.30553
 0.66667    0.13333   -45158.09676
 0.66667    0.20000   -51359.79484
 0.66667    0.26667   -58362.88235
 0.66667    0.33333   -65939.07539
 0.66667    0.40000   -73648.27543
 0.66667    0.46667   -80847.94585
 0.66667    0.53333   -86769.82628
 0.66667    0.60000   -90655.98314
 0.66667    0.66667   -91913.22343
 0.66667    0.73333   -90215.01998
 0.66667    0.80000   -85434.17960
 0.66667    0.86667   -77023.33679
 0.66667    0.93333   -60406.13995
 0.66667    1.00000    1.00000
 0.73333   -1.00000    1.00000
 0.73333   -0.93333   -2850.31294
 0.73333   -0.86667   -5228.22296
 0.73333   -0.80000   -7188.69516
 0.73333   -0.73333   -8834.35314
 0.73333   -0.66667   -10276.04824
 0.73333   -0.60000   -11612.57105
 0.73333   -0.53333   -12925.34815
 0.73333   -0.46667   -14280.78605
 0.73333   -0.40000   -15735.23253
 0.73333   -0.33333   -17340.20178
 0.73333   -0.26667   -19147.17604
 0.73333   -0.20000   -21212.08787
 0.73333   -0.13333   -23599.79414
 0.73333   -0.06667   -26388.55270
 0.73333    0.00000   -29673.56773
 0.73333    0.06667   -33566.96688
 0.73333    0.13333   -38189.45878
 0.73333    0.20000   -43647.63858
 0.73333    0.26667   -49992.57386
 0.73333    0.33333   -57161.83098
 0.73333    0.40000   -64918.19153
 0.73333    0.46667   -72809.65399
 0.73333    0.53333   -80179.12690
 0.73333    0.60000   -86241.19057
 0.73333    0.66667   -90216.02494
 0.73333    0.73333   -91471.85235
 0.73333    0.80000   -89565.00863
 0.73333    0.86667   -83786.92139
 0.73333    0.93333   -69389.95762
 0.73333    1.00000    1.00000
 0.80000   -1.00000    1.00000
 0.80000   -0.93333   -2503.24028
 0.80000   -0.86667   -4454.43884
 0.80000   -0.80000   -5968.14403
 0.80000   -0.73333   -7189.86561
 0.80000   -0.66667   -8245.94305
 0.80000   -0.60000   -9232.59670
 0.80000   -0.53333   -10220.67066
 0.80000   -0.46667   -11264.04155
 0.80000   -0.40000   -12407.22196
 0.80000   -0.33333   -13691.21971
 0.80000   -0.26667   -15157.97154
 0.80000   -0.20000   -16853.97008
 0.80000   -0.13333   -18833.67518
 0.80000   -0.06667   -21163.11267
 0.80000    0.00000   -23923.60406
 0.80000    0.06667   -27214.58076
 0.80000    0.13333   -31152.74523
 0.80000    0.20000   -35862.77085
 0.80000    0.26667   -41453.51472
 0.80000    0.33333   -47975.44740
 0.80000    0.40000   -55361.58526
 0.80000    0.46667   -63365.32460
 0.80000    0.53333   -71519.88735
 0.80000    0.60000   -79147.71475
 0.80000    0.66667   -85436.33562
 0.80000    0.73333   -89566.17038
 0.80000    0.80000   -90814.13949
 0.80000    0.86667   -88307.04905
 0.80000    0.93333   -77588.02223
 0.80000    1.00000    1.00000
 0.86667   -1.00000    1.00000
 0.86667   -0.93333   -2047.59193
 0.86667   -0.86667   -3455.58302
 0.86667   -0.80000   -4455.13465
 0.86667   -0.73333   -5229.85392
 0.86667   -0.66667   -5901.20391
 0.86667   -0.60000   -6546.01372
 0.86667   -0.53333   -7214.59012
 0.86667   -0.46667   -7943.45396
 0.86667   -0.40000   -8763.37270
 0.86667   -0.33333   -9704.39761
 0.86667   -0.26667   -10799.27421
 0.86667   -0.20000   -12086.13092
 0.86667   -0.13333   -13611.03593
 0.86667   -0.06667   -15430.82233
 0.86667    0.00000   -17616.38236
 0.86667    0.06667   -20256.19566
 0.86667    0.13333   -23458.89567
 0.86667    0.20000   -27352.02243
 0.86667    0.26667   -32072.08051
 0.86667    0.33333   -37739.82844
 0.86667    0.40000   -44416.42816
 0.86667    0.46667   -52042.55827
 0.86667    0.53333   -60373.56643
 0.86667    0.60000   -68935.00091
 0.86667    0.66667   -77026.52094
 0.86667    0.73333   -83789.20514
 0.86667    0.80000   -88308.24037
 0.86667    0.86667   -89548.08757
 0.86667    0.93333   -83977.53806
 0.86667    1.00000    1.00000
 0.93333   -1.00000    1.00000
 0.93333   -0.93333   -1325.82307
 0.93333   -0.86667   -2047.92621
 0.93333   -0.80000   -2504.00419
 0.93333   -0.73333   -2851.57809
 0.93333   -0.66667   -3165.85443
 0.93333   -0.60000   -3485.55917
 0.93333   -0.53333   -3833.89133
 0.93333   -0.46667   -4228.22242
 0.93333   -0.40000   -4684.84822
 0.93333   -0.33333   -5221.65025
 0.93333   -0.26667   -5859.96808
 0.93333   -0.20000   -6626.30675
 0.93333   -0.13333   -7554.22684
 0.93333   -0.06667   -8686.66749
 0.93333    0.00000   -10078.91383
 0.93333    0.06667   -11802.31632
 0.93333    0.13333   -13948.51411
 0.93333    0.20000   -16633.06471
 0.93333    0.26667   -19995.88759
 0.93333    0.33333   -24194.04867
 0.93333    0.40000   -29381.16037
 0.93333    0.46667   -35668.79584
 0.93333    0.53333   -43070.48177
 0.93333    0.60000   -51437.99942
 0.93333    0.66667   -60409.55295
 0.93333    0.73333   -69392.77060
 0.93333    0.80000   -77590.02724
 0.93333    0.86667   -83978.56361
 0.93333    0.93333   -86855.88998
 0.93333    1.00000    1.00000
 1.00000   -1.00000    1.00000
 1.00000   -0.93333    1.00000
 1.00000   -0.86667    1.00000
 1.00000   -0.80000    1.00000
 1.00000   -0.73333    1.00000
 1.00000   -0.66667    1.00000
 1.00000   -0.60000    1.00000
 1.00000   -0.53333    1.00000
 1.00000   -0.46667    1.00000
 1.00000   -0.40000    1.00000
 1.00000   -0.33333    1.00000
 1.00000   -0.26667    1.00000
 1.00000   -0.20000    1.00000
 1.00000   -0.13333    1.00000
 1.00000   -0.06667    1.00000
 1.00000    0.00000    1.00000
 1.00000    0.06667    1.00000
 1.00000    0.13333    1.00000
 1.00000    0.20000    1.00000
 1.00000    0.26667    1.00000
 1.00000    0.33333    1.00000
 1.00000    0.40000    1.00000
 1.00000    0.46667    1.00000
 1.00000    0.53333    1.00000
 1.00000    0.60000    1.00000
 1.00000    0.66667    1.00000
 1.00000    0.73333    1.00000
 1.00000    0.80000    1.00000
 1.00000    0.86667    1.00000
 1.00000    0.93333    1.00000
 1.00000    1.00000    1.00000
